<?xml version="1.0" encoding="utf-8"?><testsuites name="pytest tests"><testsuite name="pytest" errors="0" failures="5" skipped="0" tests="137" time="167.022" timestamp="2026-07-29T11:47:50.792023+00:00" hostname="agent-env-4c41e485-69a1-4a28-aef4-6d5a717dfaab"><testcase classname="tests.backend_test" name="test_health" time="0.446" /><testcase classname="tests.backend_test" name="test_corpus_generate_deterministic" time="0.888" /><testcase classname="tests.backend_test" name="test_corpus_list" time="0.479" /><testcase classname="tests.backend_test" name="test_benchmark_run" time="1.883" /><testcase classname="tests.backend_test" name="test_session_get_and_list" time="2.495" /><testcase classname="tests.backend_test" name="test_dataset_flow_end_to_end" time="10.354" /><testcase classname="tests.backend_test" name="test_narrative_flow" time="6.015"><failure message="AssertionError: only got 9 spans&#10;assert 9 &gt;= 10&#10; +  where 9 = len([{'span_id': '6a1cd3f3ba1d40ef8dcee450374707a1', 'file_id': '911d49c97cdf4874b41e3325ff4311eb', 'start': 18, 'end': 28...'effa72d34a8f423e8b0e0de30cad0396', 'file_id': '911d49c97cdf4874b41e3325ff4311eb', 'start': 114, 'end': 136, ...}, ...])">E   AssertionError: only got 9 spans
    assert 9 &gt;= 10
     +  where 9 = len([{'span_id': '6a1cd3f3ba1d40ef8dcee450374707a1', 'file_id': '911d49c97cdf4874b41e3325ff4311eb', 'start': 18, 'end': 28...'effa72d34a8f423e8b0e0de30cad0396', 'file_id': '911d49c97cdf4874b41e3325ff4311eb', 'start': 114, 'end': 136, ...}, ...])</failure></testcase><testcase classname="tests.backend_test" name="test_session_not_found" time="0.996" /><testcase classname="tests.test_actual_knowledge_attestation" name="test_attestation_payload_carries_actual_knowledge_true_when_acked" time="0.000" /><testcase classname="tests.test_actual_knowledge_attestation" name="test_attestation_payload_carries_actual_knowledge_false_when_missing" time="0.000" /><testcase classname="tests.test_actual_knowledge_attestation" name="test_bundle_zip_contains_actual_knowledge_ack_field_in_json_and_text" time="0.001" /><testcase classname="tests.test_actual_knowledge_attestation" name="test_attestation_backfills_actual_knowledge_from_decisions_if_session_review_missing" time="0.000" /><testcase classname="tests.test_agent_pipeline" name="test_health" time="0.709" /><testcase classname="tests.test_agent_pipeline" name="test_llm_settings_default" time="0.838"><failure message="AssertionError: assert 'openai_compatible' in ['anthropic', 'emergent', 'gemini', 'openai', 'openrouter']">E   AssertionError: assert 'openai_compatible' in ['anthropic', 'emergent', 'gemini', 'openai', 'openrouter']</failure></testcase><testcase classname="tests.test_agent_pipeline" name="test_llm_settings_post_persist" time="0.531" /><testcase classname="tests.test_agent_pipeline" name="test_handle_pipeline_run" time="134.124" /><testcase classname="tests.test_agent_pipeline" name="test_agent_trace" time="0.050" /><testcase classname="tests.test_agent_pipeline" name="test_results_decisions" time="0.051"><failure message="AssertionError: bad action: scrub_text&#10;assert 'scrub_text' in {'cap_age_90', 'drop', 'hash', 'human_review', 'keep', 'pseudonymize', ...}">E   AssertionError: bad action: scrub_text
    assert 'scrub_text' in {'cap_age_90', 'drop', 'hash', 'human_review', 'keep', 'pseudonymize', ...}</failure></testcase><testcase classname="tests.test_agent_pipeline" name="test_human_review_and_export" time="0.141"><failure message="AssertionError: {&quot;detail&quot;:&quot;reviewer identity is required (GOAL human review invariant)&quot;}&#10;assert 400 == 200&#10; +  where 400 = &lt;Response [400]&gt;.status_code">E   AssertionError: {"detail":"reviewer identity is required (GOAL human review invariant)"}
    assert 400 == 200
     +  where 400 = &lt;Response [400]&gt;.status_code</failure></testcase><testcase classname="tests.test_agent_pipeline" name="test_results_audit_ledger_herald_populated" time="0.047"><failure message="AssertionError: audit missing verdict: {}&#10;assert None&#10; +  where None = &lt;built-in method get of dict object at 0xf9df6f85cc80&gt;('verdict')&#10; +    where &lt;built-in method get of dict object at 0xf9df6f85cc80&gt; = {}.get">E   AssertionError: audit missing verdict: {}
    assert None
     +  where None = &lt;built-in method get of dict object at 0xf9df6f85cc80&gt;('verdict')
     +    where &lt;built-in method get of dict object at 0xf9df6f85cc80&gt; = {}.get</failure></testcase><testcase classname="tests.test_bundle_and_coverage" name="test_coverage_matrix_has_23_rows_and_7_tools" time="0.000" /><testcase classname="tests.test_bundle_and_coverage" name="test_phi_console_covers_every_row" time="0.000" /><testcase classname="tests.test_bundle_and_coverage" name="test_phi_console_beats_every_competitor" time="0.000" /><testcase classname="tests.test_bundle_and_coverage" name="test_hipaa_letters_a_to_r_present" time="0.000" /><testcase classname="tests.test_bundle_and_coverage" name="test_default_bundle_contains_safe_to_share_only" time="0.004" /><testcase classname="tests.test_bundle_and_coverage" name="test_publication_bundle_adds_paper_folder" time="0.765" /><testcase classname="tests.test_bundle_and_coverage" name="test_attestation_json_has_sha256_and_reviewer" time="0.001" /><testcase classname="tests.test_bundle_and_coverage" name="test_publication_coverage_csv_has_our_column_and_all_23_rows" time="0.506" /><testcase classname="tests.test_bundle_and_coverage" name="test_bundle_empty_exports_still_produces_attestation" time="0.001" /><testcase classname="tests.test_classification_accuracy" name="test_corpus_covers_every_hipaa_letter" time="0.000" /><testcase classname="tests.test_classification_accuracy" name="test_corpus_includes_non_phi_keeps_and_scrub_text" time="0.000" /><testcase classname="tests.test_classification_accuracy" name="test_overall_method_appropriateness_high_bar" time="0.005" /><testcase classname="tests.test_classification_accuracy" name="test_overall_category_accuracy_high_bar" time="0.002" /><testcase classname="tests.test_classification_accuracy" name="test_zero_unclassified_columns" time="0.002" /><testcase classname="tests.test_classification_accuracy" name="test_per_category_f1_all_high" time="0.002" /><testcase classname="tests.test_classification_accuracy" name="test_names_action_is_drop_or_pseudonymize" time="0.002" /><testcase classname="tests.test_classification_accuracy" name="test_dates_action_is_year_only" time="0.002" /><testcase classname="tests.test_classification_accuracy" name="test_ssn_email_phone_fax_all_dropped" time="0.002" /><testcase classname="tests.test_classification_accuracy" name="test_mrn_pseudonymized" time="0.002" /><testcase classname="tests.test_classification_accuracy" name="test_free_text_columns_get_scrub_text" time="0.002" /><testcase classname="tests.test_classification_accuracy" name="test_clinical_columns_are_kept" time="0.002" /><testcase classname="tests.test_human_review_invariant" name="test_human_review_requires_reviewer" time="0.003" /><testcase classname="tests.test_human_review_invariant" name="test_human_review_requires_actual_knowledge_ack" time="0.002" /><testcase classname="tests.test_human_review_invariant" name="test_human_review_captures_session_review_when_provided" time="0.014" /><testcase classname="tests.test_ocr_pdf" name="test_read_pdf_ocr_fallback_extracts_text" time="0.262" /><testcase classname="tests.test_ocr_pdf" name="test_ocr_output_flows_through_scrubber" time="1.474" /><testcase classname="tests.test_preview" name="test_mask_original_hides_middle" time="0.000" /><testcase classname="tests.test_preview" name="test_build_preview_returns_bounded_sample_count" time="0.001" /><testcase classname="tests.test_preview" name="test_preview_original_never_returned_raw" time="0.001" /><testcase classname="tests.test_preview" name="test_preview_redacted_reflects_chosen_action" time="0.001" /><testcase classname="tests.test_preview" name="test_preview_skips_non_dataset_files" time="0.001" /><testcase classname="tests.test_preview" name="test_preview_default_max_samples_constant" time="0.000" /><testcase classname="tests.test_publish_guard" name="test_clean_export_passes" time="0.001" /><testcase classname="tests.test_publish_guard" name="test_header_row_names_do_not_trip_guard" time="0.001" /><testcase classname="tests.test_publish_guard" name="test_pdf_extension_is_skipped" time="0.001" /><testcase classname="tests.test_publish_guard" name="test_ssn_leak_blocks_export" time="0.001" /><testcase classname="tests.test_publish_guard" name="test_phone_leak_blocks_export" time="0.001" /><testcase classname="tests.test_publish_guard" name="test_email_leak_blocks_export" time="0.001" /><testcase classname="tests.test_publish_guard" name="test_full_dob_iso_blocks_export" time="0.001" /><testcase classname="tests.test_publish_guard" name="test_full_dob_us_slash_blocks" time="0.001" /><testcase classname="tests.test_publish_guard" name="test_findings_are_masked_not_raw" time="0.001" /><testcase classname="tests.test_publish_guard" name="test_findings_bounded" time="0.001" /><testcase classname="tests.test_publish_guard" name="test_scan_all_exports_mixes_clean_and_blocked" time="0.001" /><testcase classname="tests.test_publish_guard" name="test_scan_all_empty_export_map" time="0.000" /><testcase classname="tests.test_publish_guard" name="test_url_leak_blocks_export_category_N" time="0.001" /><testcase classname="tests.test_publish_guard" name="test_ipv4_leak_blocks_export_category_O" time="0.001" /><testcase classname="tests.test_publish_guard" name="test_ipv6_leak_blocks_export_category_O" time="0.001" /><testcase classname="tests.test_publish_guard" name="test_license_plate_blocks_export_category_L" time="0.001" /><testcase classname="tests.test_publish_guard" name="test_imei_blocks_export_category_M" time="0.001" /><testcase classname="tests.test_publish_guard" name="test_device_serial_blocks_export_category_M" time="0.001" /><testcase classname="tests.test_publish_guard" name="test_image_reference_blocks_export_category_Q" time="0.001" /><testcase classname="tests.test_publish_guard" name="test_biometric_hash_blocks_export_category_P" time="0.001" /><testcase classname="tests.test_publish_guard" name="test_dna_profile_blocks_export_category_P" time="0.001" /><testcase classname="tests.test_publish_guard" name="test_npi_blocks_export_category_K" time="0.001" /><testcase classname="tests.test_publish_guard" name="test_dea_blocks_export_category_K" time="0.001" /><testcase classname="tests.test_publish_guard" name="test_every_hipaa_letter_has_at_least_one_pattern" time="0.000" /><testcase classname="tests.test_scrub_and_pseudonym" name="test_pseudonym_exact_match_cross_file" time="0.000" /><testcase classname="tests.test_scrub_and_pseudonym" name="test_pseudonym_no_cross_study_linkage" time="0.000" /><testcase classname="tests.test_scrub_and_pseudonym" name="test_scrub_text_preserves_clinical_content" time="0.008" /><testcase classname="tests.test_scrub_and_pseudonym" name="test_scrub_text_categorizes_ssn_and_email" time="0.024" /><testcase classname="tests.test_scrub_and_pseudonym" name="test_cap_age_90_safe_harbor" time="0.000" /><testcase classname="tests.test_scrub_and_pseudonym" name="test_year_only_truncates_dob" time="0.000" /><testcase classname="tests.test_scrub_and_pseudonym" name="test_zip3_truncate_and_restricted" time="0.000" /><testcase classname="tests.test_security_exports_and_zip" name="test_metadata_csv_is_redacted_not_copied" time="0.021" /><testcase classname="tests.test_security_exports_and_zip" name="test_unmapped_column_defaults_to_drop" time="0.001" /><testcase classname="tests.test_security_exports_and_zip" name="test_unmapped_column_scrub_text_when_env_override" time="0.006" /><testcase classname="tests.test_security_exports_and_zip" name="test_intake_rejects_too_many_entries" time="0.001" /><testcase classname="tests.test_security_exports_and_zip" name="test_intake_rejects_compression_bomb" time="0.042" /><testcase classname="tests.test_security_exports_and_zip" name="test_intake_rejects_total_size" time="0.001" /><testcase classname="tests.test_security_llm_and_auth" name="test_provider_allow_list_default" time="0.000" /><testcase classname="tests.test_security_llm_and_auth" name="test_validate_provider_rejects_unknown" time="0.000" /><testcase classname="tests.test_security_llm_and_auth" name="test_validate_provider_rejects_openai_compatible_without_env" time="0.000" /><testcase classname="tests.test_security_llm_and_auth" name="test_validate_base_url_rejects_http" time="0.000" /><testcase classname="tests.test_security_llm_and_auth" name="test_validate_base_url_rejects_loopback" time="0.000" /><testcase classname="tests.test_security_llm_and_auth" name="test_validate_base_url_rejects_private" time="0.000" /><testcase classname="tests.test_security_llm_and_auth" name="test_validate_base_url_rejects_metadata" time="0.000" /><testcase classname="tests.test_security_llm_and_auth" name="test_validate_base_url_requires_host_in_allowlist_when_set" time="0.000" /><testcase classname="tests.test_security_llm_and_auth" name="test_set_settings_endpoint_rejects_evil_base_url" time="0.003" /><testcase classname="tests.test_security_llm_and_auth" name="test_sessions_list_does_not_leak_stored_path" time="0.011" /><testcase classname="tests.test_security_llm_and_auth" name="test_get_settings_never_returns_api_key_plaintext" time="0.003" /><testcase classname="tests.test_security_paths" name="test_sanitise_rejects_traversal" time="0.000" /><testcase classname="tests.test_security_paths" name="test_sanitise_rejects_absolute" time="0.000" /><testcase classname="tests.test_security_paths" name="test_sanitise_rejects_windows_absolute" time="0.000" /><testcase classname="tests.test_security_paths" name="test_sanitise_rejects_separator" time="0.000" /><testcase classname="tests.test_security_paths" name="test_sanitise_rejects_nul" time="0.000" /><testcase classname="tests.test_security_paths" name="test_sanitise_rejects_dotdot_only" time="0.000" /><testcase classname="tests.test_security_paths" name="test_sanitise_falls_back_when_empty" time="0.000" /><testcase classname="tests.test_security_paths" name="test_safe_join_happy_path" time="0.001" /><testcase classname="tests.test_security_paths" name="test_upload_rejects_evil_filename[../../../.env]" time="0.005" /><testcase classname="tests.test_security_paths" name="test_upload_rejects_evil_filename[/etc/passwd]" time="0.005" /><testcase classname="tests.test_security_paths" name="test_upload_rejects_evil_filename[..\\..\\..\\backend\\.env]" time="0.004" /><testcase classname="tests.test_security_paths" name="test_upload_rejects_evil_filename[..]" time="0.004" /><testcase classname="tests.test_security_paths" name="test_upload_rejects_evil_filename[sub/dir.txt]" time="0.004" /><testcase classname="tests.test_security_round2" name="test_scrub_persisted_text_redacts_name_phone_email_ssn" time="0.000" /><testcase classname="tests.test_security_round2" name="test_scrub_persisted_text_empty" time="0.000" /><testcase classname="tests.test_security_round2" name="test_scrub_decision_only_scrubs_string_fields" time="0.000" /><testcase classname="tests.test_security_round2" name="test_provider_hosts_defined_for_all_standard_providers" time="0.000" /><testcase classname="tests.test_security_round2" name="test_openai_base_url_must_be_api_openai_com" time="0.028" /><testcase classname="tests.test_security_round2" name="test_anthropic_base_url_must_be_anthropic_host" time="0.024" /><testcase classname="tests.test_security_round2" name="test_emergent_rejects_any_base_url" time="0.000" /><testcase classname="tests.test_security_round2" name="test_openai_compatible_requires_env_hosts" time="0.000" /><testcase classname="tests.test_security_round2" name="test_openai_compatible_accepts_env_allowlist" time="0.001" /><testcase classname="tests.test_security_round2" name="test_intake_aborts_on_streamed_total_regardless_of_header" time="0.003" /><testcase classname="tests.test_security_round2" name="test_session_get_scrubs_stored_path_and_export_paths" time="0.013" /><testcase classname="tests.test_security_round2" name="test_agent_trace_recursively_scrubs_nested_payload" time="0.044" /><testcase classname="tests.test_security_round2" name="test_scrub_nested_walks_dicts_and_lists" time="0.000" /><testcase classname="tests.test_security_round2" name="test_results_scrubs_reasons" time="0.095" /><testcase classname="tests.test_sentinel_hard_rules" name="test_dob_forced_from_human_review_to_year_only" time="0.000" /><testcase classname="tests.test_sentinel_hard_rules" name="test_ssn_forced_to_drop" time="0.000" /><testcase classname="tests.test_sentinel_hard_rules" name="test_mrn_forced_to_pseudonymize" time="0.000" /><testcase classname="tests.test_sentinel_hard_rules" name="test_phone_email_fax_dropped" time="0.000" /><testcase classname="tests.test_sentinel_hard_rules" name="test_zip_forced_to_zip3_truncate" time="0.000" /><testcase classname="tests.test_sentinel_hard_rules" name="test_age_forced_to_cap_age_90_only_if_human_review" time="0.000" /><testcase classname="tests.test_sentinel_hard_rules" name="test_dob_year_only_choice_respected" time="0.000" /><testcase classname="tests.test_sentinel_hard_rules" name="test_unknown_column_untouched" time="0.000" /><testcase classname="tests.test_sentinel_hard_rules" name="test_case_insensitive_and_variants" time="0.000" /><testcase classname="tests.test_sentinel_hard_rules" name="test_reason_and_citation_updated" time="0.001" /></testsuite></testsuites>