<?xml version="1.0" encoding="utf-8"?><testsuites name="pytest tests"><testsuite name="pytest" errors="0" failures="0" skipped="0" tests="36" time="4.953" timestamp="2026-07-29T11:47:29.013282+00:00" hostname="agent-env-4c41e485-69a1-4a28-aef4-6d5a717dfaab"><testcase classname="tests.test_publish_guard" name="test_clean_export_passes" time="0.003" /><testcase classname="tests.test_publish_guard" name="test_header_row_names_do_not_trip_guard" time="0.001" /><testcase classname="tests.test_publish_guard" name="test_pdf_extension_is_skipped" time="0.001" /><testcase classname="tests.test_publish_guard" name="test_ssn_leak_blocks_export" time="0.001" /><testcase classname="tests.test_publish_guard" name="test_phone_leak_blocks_export" time="0.001" /><testcase classname="tests.test_publish_guard" name="test_email_leak_blocks_export" time="0.001" /><testcase classname="tests.test_publish_guard" name="test_full_dob_iso_blocks_export" time="0.001" /><testcase classname="tests.test_publish_guard" name="test_full_dob_us_slash_blocks" time="0.001" /><testcase classname="tests.test_publish_guard" name="test_findings_are_masked_not_raw" time="0.001" /><testcase classname="tests.test_publish_guard" name="test_findings_bounded" time="0.001" /><testcase classname="tests.test_publish_guard" name="test_scan_all_exports_mixes_clean_and_blocked" time="0.001" /><testcase classname="tests.test_publish_guard" name="test_scan_all_empty_export_map" time="0.000" /><testcase classname="tests.test_publish_guard" name="test_url_leak_blocks_export_category_N" time="0.001" /><testcase classname="tests.test_publish_guard" name="test_ipv4_leak_blocks_export_category_O" time="0.001" /><testcase classname="tests.test_publish_guard" name="test_ipv6_leak_blocks_export_category_O" time="0.001" /><testcase classname="tests.test_publish_guard" name="test_license_plate_blocks_export_category_L" time="0.001" /><testcase classname="tests.test_publish_guard" name="test_imei_blocks_export_category_M" time="0.001" /><testcase classname="tests.test_publish_guard" name="test_device_serial_blocks_export_category_M" time="0.001" /><testcase classname="tests.test_publish_guard" name="test_image_reference_blocks_export_category_Q" time="0.001" /><testcase classname="tests.test_publish_guard" name="test_biometric_hash_blocks_export_category_P" time="0.001" /><testcase classname="tests.test_publish_guard" name="test_dna_profile_blocks_export_category_P" time="0.001" /><testcase classname="tests.test_publish_guard" name="test_npi_blocks_export_category_K" time="0.001" /><testcase classname="tests.test_publish_guard" name="test_dea_blocks_export_category_K" time="0.001" /><testcase classname="tests.test_publish_guard" name="test_every_hipaa_letter_has_at_least_one_pattern" time="0.000" /><testcase classname="tests.test_ocr_pdf" name="test_read_pdf_ocr_fallback_extracts_text" time="0.379" /><testcase classname="tests.test_ocr_pdf" name="test_ocr_output_flows_through_scrubber" time="1.411" /><testcase classname="tests.test_actual_knowledge_attestation" name="test_attestation_payload_carries_actual_knowledge_true_when_acked" time="0.000" /><testcase classname="tests.test_actual_knowledge_attestation" name="test_attestation_payload_carries_actual_knowledge_false_when_missing" time="0.000" /><testcase classname="tests.test_actual_knowledge_attestation" name="test_bundle_zip_contains_actual_knowledge_ack_field_in_json_and_text" time="0.001" /><testcase classname="tests.test_actual_knowledge_attestation" name="test_attestation_backfills_actual_knowledge_from_decisions_if_session_review_missing" time="0.000" /><testcase classname="tests.test_preview" name="test_mask_original_hides_middle" time="0.000" /><testcase classname="tests.test_preview" name="test_build_preview_returns_bounded_sample_count" time="0.001" /><testcase classname="tests.test_preview" name="test_preview_original_never_returned_raw" time="0.001" /><testcase classname="tests.test_preview" name="test_preview_redacted_reflects_chosen_action" time="0.001" /><testcase classname="tests.test_preview" name="test_preview_skips_non_dataset_files" time="0.001" /><testcase classname="tests.test_preview" name="test_preview_default_max_samples_constant" time="0.000" /></testsuite></testsuites>