<?xml version="1.0" encoding="utf-8"?><testsuites name="pytest tests"><testsuite name="pytest" errors="0" failures="0" skipped="1" tests="84" time="5.998" timestamp="2026-07-28T13:23:24.115481+00:00" hostname="agent-env-4c41e485-69a1-4a28-aef4-6d5a717dfaab"><testcase classname="tests.test_bundle_and_coverage" name="test_coverage_matrix_has_23_rows_and_7_tools" time="0.000" /><testcase classname="tests.test_bundle_and_coverage" name="test_phi_console_covers_every_row" time="0.000" /><testcase classname="tests.test_bundle_and_coverage" name="test_phi_console_beats_every_competitor" time="0.000" /><testcase classname="tests.test_bundle_and_coverage" name="test_hipaa_letters_a_to_r_present" time="0.000" /><testcase classname="tests.test_bundle_and_coverage" name="test_default_bundle_contains_safe_to_share_only" time="0.003" /><testcase classname="tests.test_bundle_and_coverage" name="test_publication_bundle_adds_paper_folder" time="0.846" /><testcase classname="tests.test_bundle_and_coverage" name="test_attestation_json_has_sha256_and_reviewer" time="0.002" /><testcase classname="tests.test_bundle_and_coverage" name="test_publication_coverage_csv_has_our_column_and_all_23_rows" time="0.542" /><testcase classname="tests.test_bundle_and_coverage" name="test_bundle_empty_exports_still_produces_attestation" time="0.001" /><testcase classname="tests.test_publish_guard" name="test_clean_export_passes" time="0.001" /><testcase classname="tests.test_publish_guard" name="test_header_row_names_do_not_trip_guard" time="0.001" /><testcase classname="tests.test_publish_guard" name="test_pdf_extension_is_skipped" time="0.001" /><testcase classname="tests.test_publish_guard" name="test_ssn_leak_blocks_export" time="0.001" /><testcase classname="tests.test_publish_guard" name="test_phone_leak_blocks_export" time="0.001" /><testcase classname="tests.test_publish_guard" name="test_email_leak_blocks_export" time="0.001" /><testcase classname="tests.test_publish_guard" name="test_full_dob_iso_blocks_export" time="0.001" /><testcase classname="tests.test_publish_guard" name="test_full_dob_us_slash_blocks" time="0.001" /><testcase classname="tests.test_publish_guard" name="test_findings_are_masked_not_raw" time="0.001" /><testcase classname="tests.test_publish_guard" name="test_findings_bounded" time="0.001" /><testcase classname="tests.test_publish_guard" name="test_scan_all_exports_mixes_clean_and_blocked" time="0.001" /><testcase classname="tests.test_publish_guard" name="test_scan_all_empty_export_map" time="0.000" /><testcase classname="tests.test_human_review_invariant" name="test_human_review_requires_reviewer" time="0.003" /><testcase classname="tests.test_human_review_invariant" name="test_human_review_captures_session_review_when_provided" time="0.014" /><testcase classname="tests.test_security_round2" name="test_scrub_persisted_text_redacts_name_phone_email_ssn" time="0.000" /><testcase classname="tests.test_security_round2" name="test_scrub_persisted_text_empty" time="0.000" /><testcase classname="tests.test_security_round2" name="test_scrub_decision_only_scrubs_string_fields" time="0.000" /><testcase classname="tests.test_security_round2" name="test_provider_hosts_defined_for_all_standard_providers" time="0.000" /><testcase classname="tests.test_security_round2" name="test_openai_base_url_must_be_api_openai_com" time="0.028" /><testcase classname="tests.test_security_round2" name="test_anthropic_base_url_must_be_anthropic_host" time="0.028" /><testcase classname="tests.test_security_round2" name="test_emergent_rejects_any_base_url" time="0.000" /><testcase classname="tests.test_security_round2" name="test_openai_compatible_requires_env_hosts" time="0.000" /><testcase classname="tests.test_security_round2" name="test_openai_compatible_accepts_env_allowlist" time="0.001" /><testcase classname="tests.test_security_round2" name="test_intake_aborts_on_streamed_total_regardless_of_header" time="0.003" /><testcase classname="tests.test_security_round2" name="test_session_get_scrubs_stored_path_and_export_paths" time="0.013" /><testcase classname="tests.test_security_round2" name="test_agent_trace_recursively_scrubs_nested_payload" time="0.037" /><testcase classname="tests.test_security_round2" name="test_scrub_nested_walks_dicts_and_lists" time="0.000" /><testcase classname="tests.test_security_round2" name="test_results_scrubs_reasons" time="0.042"><skipped type="pytest.skip" message="no decisions with reason/citation available">/app/backend/tests/test_security_round2.py:228: no decisions with reason/citation available</skipped></testcase><testcase classname="tests.test_security_paths" name="test_sanitise_rejects_traversal" time="0.000" /><testcase classname="tests.test_security_paths" name="test_sanitise_rejects_absolute" time="0.000" /><testcase classname="tests.test_security_paths" name="test_sanitise_rejects_windows_absolute" time="0.000" /><testcase classname="tests.test_security_paths" name="test_sanitise_rejects_separator" time="0.000" /><testcase classname="tests.test_security_paths" name="test_sanitise_rejects_nul" time="0.000" /><testcase classname="tests.test_security_paths" name="test_sanitise_rejects_dotdot_only" time="0.000" /><testcase classname="tests.test_security_paths" name="test_sanitise_falls_back_when_empty" time="0.000" /><testcase classname="tests.test_security_paths" name="test_safe_join_happy_path" time="0.001" /><testcase classname="tests.test_security_paths" name="test_upload_rejects_evil_filename[../../../.env]" time="0.006" /><testcase classname="tests.test_security_paths" name="test_upload_rejects_evil_filename[/etc/passwd]" time="0.005" /><testcase classname="tests.test_security_paths" name="test_upload_rejects_evil_filename[..\\..\\..\\backend\\.env]" time="0.006" /><testcase classname="tests.test_security_paths" name="test_upload_rejects_evil_filename[..]" time="0.005" /><testcase classname="tests.test_security_paths" name="test_upload_rejects_evil_filename[sub/dir.txt]" time="0.005" /><testcase classname="tests.test_security_llm_and_auth" name="test_provider_allow_list_default" time="0.000" /><testcase classname="tests.test_security_llm_and_auth" name="test_validate_provider_rejects_unknown" time="0.000" /><testcase classname="tests.test_security_llm_and_auth" name="test_validate_provider_rejects_openai_compatible_without_env" time="0.000" /><testcase classname="tests.test_security_llm_and_auth" name="test_validate_base_url_rejects_http" time="0.000" /><testcase classname="tests.test_security_llm_and_auth" name="test_validate_base_url_rejects_loopback" time="0.000" /><testcase classname="tests.test_security_llm_and_auth" name="test_validate_base_url_rejects_private" time="0.000" /><testcase classname="tests.test_security_llm_and_auth" name="test_validate_base_url_rejects_metadata" time="0.001" /><testcase classname="tests.test_security_llm_and_auth" name="test_validate_base_url_requires_host_in_allowlist_when_set" time="0.000" /><testcase classname="tests.test_security_llm_and_auth" name="test_set_settings_endpoint_rejects_evil_base_url" time="0.002" /><testcase classname="tests.test_security_llm_and_auth" name="test_sessions_list_does_not_leak_stored_path" time="0.009" /><testcase classname="tests.test_security_llm_and_auth" name="test_get_settings_never_returns_api_key_plaintext" time="0.002" /><testcase classname="tests.test_security_exports_and_zip" name="test_metadata_csv_is_redacted_not_copied" time="1.211" /><testcase classname="tests.test_security_exports_and_zip" name="test_unmapped_column_defaults_to_drop" time="0.001" /><testcase classname="tests.test_security_exports_and_zip" name="test_unmapped_column_scrub_text_when_env_override" time="0.006" /><testcase classname="tests.test_security_exports_and_zip" name="test_intake_rejects_too_many_entries" time="0.001" /><testcase classname="tests.test_security_exports_and_zip" name="test_intake_rejects_compression_bomb" time="0.044" /><testcase classname="tests.test_security_exports_and_zip" name="test_intake_rejects_total_size" time="0.001" /><testcase classname="tests.test_sentinel_hard_rules" name="test_dob_forced_from_human_review_to_year_only" time="0.000" /><testcase classname="tests.test_sentinel_hard_rules" name="test_ssn_forced_to_drop" time="0.000" /><testcase classname="tests.test_sentinel_hard_rules" name="test_mrn_forced_to_pseudonymize" time="0.000" /><testcase classname="tests.test_sentinel_hard_rules" name="test_phone_email_fax_dropped" time="0.000" /><testcase classname="tests.test_sentinel_hard_rules" name="test_zip_forced_to_zip3_truncate" time="0.000" /><testcase classname="tests.test_sentinel_hard_rules" name="test_age_forced_to_cap_age_90_only_if_human_review" time="0.000" /><testcase classname="tests.test_sentinel_hard_rules" name="test_dob_year_only_choice_respected" time="0.000" /><testcase classname="tests.test_sentinel_hard_rules" name="test_unknown_column_untouched" time="0.000" /><testcase classname="tests.test_sentinel_hard_rules" name="test_case_insensitive_and_variants" time="0.000" /><testcase classname="tests.test_sentinel_hard_rules" name="test_reason_and_citation_updated" time="0.000" /><testcase classname="tests.test_scrub_and_pseudonym" name="test_pseudonym_exact_match_cross_file" time="0.000" /><testcase classname="tests.test_scrub_and_pseudonym" name="test_pseudonym_no_cross_study_linkage" time="0.000" /><testcase classname="tests.test_scrub_and_pseudonym" name="test_scrub_text_preserves_clinical_content" time="0.008" /><testcase classname="tests.test_scrub_and_pseudonym" name="test_scrub_text_categorizes_ssn_and_email" time="0.009" /><testcase classname="tests.test_scrub_and_pseudonym" name="test_cap_age_90_safe_harbor" time="0.000" /><testcase classname="tests.test_scrub_and_pseudonym" name="test_year_only_truncates_dob" time="0.000" /><testcase classname="tests.test_scrub_and_pseudonym" name="test_zip3_truncate_and_restricted" time="0.000" /></testsuite></testsuites>