<?xml version="1.0" encoding="utf-8"?><testsuites name="pytest tests"><testsuite name="pytest" errors="0" failures="0" skipped="0" tests="41" time="3.459" timestamp="2026-07-31T09:58:38.279993+00:00" hostname="agent-env-4c41e485-69a1-4a28-aef4-6d5a717dfaab"><testcase classname="tests.test_realworld_file_shapes" name="test_read_docx_tables_extracts_word_table" time="3.215" /><testcase classname="tests.test_realworld_file_shapes" name="test_read_docx_tables_captures_narrative_context" time="0.001" /><testcase classname="tests.test_realworld_file_shapes" name="test_read_docx_tables_returns_empty_on_bad_zip" time="0.001" /><testcase classname="tests.test_realworld_file_shapes" name="test_read_docx_tables_rejects_oversize_document_xml" time="0.053" /><testcase classname="tests.test_realworld_file_shapes" name="test_read_docx_tables_refuses_dtd_via_defusedxml" time="0.001" /><testcase classname="tests.test_realworld_file_shapes" name="test_read_table_flat_dispatches_docx" time="0.001" /><testcase classname="tests.test_realworld_file_shapes" name="test_intake_accepts_docx_dictionary" time="0.002" /><testcase classname="tests.test_realworld_file_shapes" name="test_read_xls_tables_handles_xlsx_disguised_as_xls" time="0.092" /><testcase classname="tests.test_corpus" name="test_planter_emits_valid_manifest_zip" time="0.004" /><testcase classname="tests.test_corpus" name="test_planter_ground_truth_covers_every_cell" time="0.001" /><testcase classname="tests.test_corpus" name="test_planter_no_pdf_generation_module" time="0.000" /><testcase classname="tests.test_corpus" name="test_planter_edge_case_tag_persists_into_ground_truth" time="0.000" /><testcase classname="tests.test_corpus" name="test_planter_age_over_89_edge_actually_plants_ages_over_89" time="0.000" /><testcase classname="tests.test_corpus" name="test_planter_restricted_zip3_edge_uses_a_denylist_prefix" time="0.000" /><testcase classname="tests.test_corpus" name="test_planter_clinical_hr_90s_edge_plants_only_90_to_99" time="0.000" /><testcase classname="tests.test_corpus" name="test_verifier_scores_perfect_pipeline_as_100_percent" time="0.001" /><testcase classname="tests.test_corpus" name="test_verifier_flags_false_negative_when_pipeline_leaks_phi" time="0.000" /><testcase classname="tests.test_corpus" name="test_verifier_flags_false_positive_when_pipeline_over_blocks_clinical" time="0.000" /><testcase classname="tests.test_corpus" name="test_verifier_scores_deferral_rate_separately" time="0.000" /><testcase classname="tests.test_corpus" name="test_verifier_reports_scenario_and_jurisdiction" time="0.000" /><testcase classname="tests.test_corpus" name="test_verifier_scores_max_adversarial_ground_truth_shape" time="0.001" /><testcase classname="tests.test_corpus" name="test_cli_summary_only_lists_scenarios_and_edge_cases" time="0.001" /><testcase classname="tests.test_security_findings" name="test_scrub_strips_corpus_ground_truth_but_keeps_summary" time="0.041" /><testcase classname="tests.test_security_findings" name="test_corpus_verify_endpoint_is_token_gated" time="0.000" /><testcase classname="tests.test_security_findings" name="test_bundle_refuses_when_guard_missing" time="0.002" /><testcase classname="tests.test_security_findings" name="test_bundle_refuses_when_guard_blocked" time="0.001" /><testcase classname="tests.test_security_findings" name="test_export_refuses_when_guard_result_missing" time="0.001" /><testcase classname="tests.test_security_findings" name="test_export_serves_only_on_clean_per_file" time="0.001" /><testcase classname="tests.test_security_audit_iter18" name="test_scrub_persisted_text_redacts_iso_dates" time="0.000" /><testcase classname="tests.test_security_audit_iter18" name="test_scrub_persisted_text_redacts_us_and_named_dates" time="0.000" /><testcase classname="tests.test_security_audit_iter18" name="test_scrub_persisted_text_redacts_age_over_89" time="0.000" /><testcase classname="tests.test_security_audit_iter18" name="test_scrub_persisted_text_does_not_redact_clinical_heart_rate" time="0.000" /><testcase classname="tests.test_security_audit_iter18" name="test_scrub_persisted_text_redacts_street_addresses" time="0.000" /><testcase classname="tests.test_security_audit_iter18" name="test_scrub_persisted_text_redacts_mrn_shapes" time="0.000" /><testcase classname="tests.test_security_audit_iter18" name="test_scrub_persisted_text_redacts_urls_and_ips" time="0.000" /><testcase classname="tests.test_security_audit_iter18" name="test_release_stream_drops_queue_when_last_subscriber_leaves" time="0.000" /><testcase classname="tests.test_security_audit_iter18" name="test_release_stream_keeps_queue_when_other_subscribers_remain" time="0.000" /><testcase classname="tests.test_security_audit_iter18" name="test_settled_statuses_include_terminal_pipeline_states" time="0.000" /><testcase classname="tests.test_security_audit_iter18" name="test_max_stream_subscribers_cap_is_bounded" time="0.000" /><testcase classname="tests.test_security_audit_iter18" name="test_stream_refuses_settled_session" time="0.001" /><testcase classname="tests.test_security_audit_iter18" name="test_stream_refuses_when_cap_reached" time="0.001" /></testsuite></testsuites>