<?xml version="1.0" encoding="utf-8"?><testsuites name="pytest tests"><testsuite name="pytest" errors="0" failures="0" skipped="4" tests="214" time="22.426" timestamp="2026-08-01T04:23:19.639136+00:00" hostname="agent-env-4c41e485-69a1-4a28-aef4-6d5a717dfaab"><testcase classname="tests.backend_test" name="test_health" time="0.206" /><testcase classname="tests.backend_test" name="test_corpus_generate_deterministic" time="0.195" /><testcase classname="tests.backend_test" name="test_corpus_list" time="0.094" /><testcase classname="tests.backend_test" name="test_benchmark_run" time="0.280" /><testcase classname="tests.backend_test" name="test_session_get_and_list" time="0.309" /><testcase classname="tests.backend_test" name="test_dataset_flow_end_to_end" time="3.999" /><testcase classname="tests.backend_test" name="test_narrative_flow" time="5.370" /><testcase classname="tests.backend_test" name="test_session_not_found" time="0.100" /><testcase classname="tests.test_actual_knowledge_attestation" name="test_attestation_payload_carries_actual_knowledge_true_when_acked" time="0.000" /><testcase classname="tests.test_actual_knowledge_attestation" name="test_attestation_payload_carries_actual_knowledge_false_when_missing" time="0.000" /><testcase classname="tests.test_actual_knowledge_attestation" name="test_bundle_zip_contains_actual_knowledge_ack_field_in_json_and_text" time="0.001" /><testcase classname="tests.test_actual_knowledge_attestation" name="test_attestation_backfills_actual_knowledge_from_decisions_if_session_review_missing" time="0.000" /><testcase classname="tests.test_bundle_and_coverage" name="test_coverage_matrix_has_23_rows_and_7_tools" time="0.000" /><testcase classname="tests.test_bundle_and_coverage" name="test_phi_console_covers_every_row" time="0.000" /><testcase classname="tests.test_bundle_and_coverage" name="test_phi_console_beats_every_competitor" time="0.000" /><testcase classname="tests.test_bundle_and_coverage" name="test_hipaa_letters_a_to_r_present" time="0.000" /><testcase classname="tests.test_bundle_and_coverage" name="test_default_bundle_contains_safe_to_share_only" time="0.003" /><testcase classname="tests.test_bundle_and_coverage" name="test_publication_bundle_adds_paper_folder" time="0.731" /><testcase classname="tests.test_bundle_and_coverage" name="test_attestation_json_has_sha256_and_reviewer" time="0.001" /><testcase classname="tests.test_bundle_and_coverage" name="test_publication_coverage_csv_has_our_column_and_all_23_rows" time="0.489" /><testcase classname="tests.test_bundle_and_coverage" name="test_bundle_empty_exports_still_produces_attestation" time="0.001" /><testcase classname="tests.test_classification_accuracy" name="test_corpus_covers_every_hipaa_letter" time="0.000" /><testcase classname="tests.test_classification_accuracy" name="test_corpus_includes_non_phi_keeps_and_scrub_text" time="0.000" /><testcase classname="tests.test_classification_accuracy" name="test_overall_method_appropriateness_high_bar" time="0.006" /><testcase classname="tests.test_classification_accuracy" name="test_overall_category_accuracy_high_bar" time="0.002" /><testcase classname="tests.test_classification_accuracy" name="test_zero_unclassified_columns" time="0.002" /><testcase classname="tests.test_classification_accuracy" name="test_per_category_f1_all_high" time="0.002" /><testcase classname="tests.test_classification_accuracy" name="test_names_action_is_drop_or_pseudonymize" time="0.002" /><testcase classname="tests.test_classification_accuracy" name="test_dates_action_is_year_only" time="0.002" /><testcase classname="tests.test_classification_accuracy" name="test_ssn_email_phone_fax_all_dropped" time="0.002" /><testcase classname="tests.test_classification_accuracy" name="test_mrn_pseudonymized" time="0.002" /><testcase classname="tests.test_classification_accuracy" name="test_free_text_columns_get_scrub_text" time="0.002" /><testcase classname="tests.test_classification_accuracy" name="test_clinical_columns_are_kept" time="0.002" /><testcase classname="tests.test_corpus" name="test_planter_emits_valid_manifest_zip" time="0.004" /><testcase classname="tests.test_corpus" name="test_planter_ground_truth_covers_every_cell" time="0.001" /><testcase classname="tests.test_corpus" name="test_planter_no_pdf_generation_module" time="0.000" /><testcase classname="tests.test_corpus" name="test_planter_edge_case_tag_persists_into_ground_truth" time="0.000" /><testcase classname="tests.test_corpus" name="test_planter_age_over_89_edge_actually_plants_ages_over_89" time="0.000" /><testcase classname="tests.test_corpus" name="test_planter_restricted_zip3_edge_uses_a_denylist_prefix" time="0.000" /><testcase classname="tests.test_corpus" name="test_planter_clinical_hr_90s_edge_plants_only_90_to_99" time="0.000" /><testcase classname="tests.test_corpus" name="test_verifier_scores_perfect_pipeline_as_100_percent" time="0.001" /><testcase classname="tests.test_corpus" name="test_verifier_flags_false_negative_when_pipeline_leaks_phi" time="0.000" /><testcase classname="tests.test_corpus" name="test_verifier_flags_false_positive_when_pipeline_over_blocks_clinical" time="0.000" /><testcase classname="tests.test_corpus" name="test_verifier_scores_deferral_rate_separately" time="0.000" /><testcase classname="tests.test_corpus" name="test_verifier_reports_scenario_and_jurisdiction" time="0.000" /><testcase classname="tests.test_corpus" name="test_verifier_scores_max_adversarial_ground_truth_shape" time="0.001" /><testcase classname="tests.test_corpus" name="test_cli_summary_only_lists_scenarios_and_edge_cases" time="0.001" /><testcase classname="tests.test_corpus_researcher" name="test_researcher_refuses_ungrounded_reply" time="0.004" /><testcase classname="tests.test_corpus_researcher" name="test_researcher_accepts_reply_with_citations" time="0.002" /><testcase classname="tests.test_corpus_researcher" name="test_researcher_uses_cache_on_second_call" time="0.001" /><testcase classname="tests.test_corpus_researcher" name="test_researcher_live_returns_grounded_scenario" time="0.008" /><testcase classname="tests.test_experts_web_search" name="test_url_extraction_from_reply_text" time="0.000" /><testcase classname="tests.test_experts_web_search" name="test_praxis_deterministic_hipaa_category_a_dropped" time="0.000" /><testcase classname="tests.test_experts_web_search" name="test_praxis_deterministic_hipaa_category_c_dates_year_only" time="0.000" /><testcase classname="tests.test_experts_web_search" name="test_statute_pack_fallback_shape" time="0.000" /><testcase classname="tests.test_experts_web_search" name="test_live_web_search_returns_urls" time="6.041" /><testcase classname="tests.test_human_review_invariant" name="test_human_review_requires_reviewer" time="0.002" /><testcase classname="tests.test_human_review_invariant" name="test_human_review_requires_actual_knowledge_ack" time="0.002" /><testcase classname="tests.test_human_review_invariant" name="test_human_review_captures_session_review_when_provided" time="0.016"><skipped type="pytest.skip" message="no awaiting_human_review session on this deployment">/app/backend/tests/test_human_review_invariant.py:66: no awaiting_human_review session on this deployment</skipped></testcase><testcase classname="tests.test_llm_catalog" name="test_catalog_shape" time="0.000" /><testcase classname="tests.test_llm_catalog" name="test_catalog_covers_the_three_provider_families_reachable_via_emergent_key" time="0.000" /><testcase classname="tests.test_llm_catalog" name="test_family_resolution_from_model_id_via_emergent[claude-sonnet-4-5-20250929-anthropic]" time="0.000" /><testcase classname="tests.test_llm_catalog" name="test_family_resolution_from_model_id_via_emergent[claude-opus-4-20250929-anthropic]" time="0.000" /><testcase classname="tests.test_llm_catalog" name="test_family_resolution_from_model_id_via_emergent[gpt-5.2-openai]" time="0.000" /><testcase classname="tests.test_llm_catalog" name="test_family_resolution_from_model_id_via_emergent[gpt-5.4-mini-openai]" time="0.000" /><testcase classname="tests.test_llm_catalog" name="test_family_resolution_from_model_id_via_emergent[gemini-3-pro-gemini]" time="0.000" /><testcase classname="tests.test_llm_catalog" name="test_family_resolution_from_model_id_via_emergent[gemini-3-flash-gemini]" time="0.000" /><testcase classname="tests.test_llm_catalog" name="test_family_resolution_falls_back_to_anthropic_for_unknown_model" time="0.000" /><testcase classname="tests.test_llm_catalog" name="test_family_resolution_byok_provider_maps_to_itself" time="0.000" /><testcase classname="tests.test_llm_catalog" name="test_web_search_tool_selection_per_family" time="0.000" /><testcase classname="tests.test_ocr_pdf" name="test_read_pdf_ocr_fallback_extracts_text" time="0.000"><skipped type="pytest.skip" message="tesseract / pdf2image not available">/app/backend/tests/test_ocr_pdf.py:60: tesseract / pdf2image not available</skipped></testcase><testcase classname="tests.test_ocr_pdf" name="test_ocr_output_flows_through_scrubber" time="0.000"><skipped type="pytest.skip" message="tesseract / pdf2image not available">/app/backend/tests/test_ocr_pdf.py:72: tesseract / pdf2image not available</skipped></testcase><testcase classname="tests.test_preview" name="test_mask_original_hides_middle" time="0.000" /><testcase classname="tests.test_preview" name="test_build_preview_returns_bounded_sample_count" time="0.001" /><testcase classname="tests.test_preview" name="test_preview_original_never_returned_raw" time="0.001" /><testcase classname="tests.test_preview" name="test_preview_redacted_reflects_chosen_action" time="0.001" /><testcase classname="tests.test_preview" name="test_preview_skips_non_dataset_files" time="0.001" /><testcase classname="tests.test_preview" name="test_preview_default_max_samples_constant" time="0.000" /><testcase classname="tests.test_publish_guard" name="test_clean_export_passes" time="0.001" /><testcase classname="tests.test_publish_guard" name="test_header_row_names_do_not_trip_guard" time="0.001" /><testcase classname="tests.test_publish_guard" name="test_pdf_extension_is_skipped" time="0.000" /><testcase classname="tests.test_publish_guard" name="test_ssn_leak_blocks_export" time="0.001" /><testcase classname="tests.test_publish_guard" name="test_phone_leak_blocks_export" time="0.001" /><testcase classname="tests.test_publish_guard" name="test_email_leak_blocks_export" time="0.001" /><testcase classname="tests.test_publish_guard" name="test_full_dob_iso_blocks_export" time="0.001" /><testcase classname="tests.test_publish_guard" name="test_full_dob_us_slash_blocks" time="0.001" /><testcase classname="tests.test_publish_guard" name="test_findings_are_masked_not_raw" time="0.001" /><testcase classname="tests.test_publish_guard" name="test_findings_bounded" time="0.001" /><testcase classname="tests.test_publish_guard" name="test_scan_all_exports_mixes_clean_and_blocked" time="0.001" /><testcase classname="tests.test_publish_guard" name="test_scan_all_empty_export_map" time="0.000" /><testcase classname="tests.test_publish_guard" name="test_url_leak_blocks_export_category_N" time="0.001" /><testcase classname="tests.test_publish_guard" name="test_ipv4_leak_blocks_export_category_O" time="0.001" /><testcase classname="tests.test_publish_guard" name="test_ipv6_leak_blocks_export_category_O" time="0.001" /><testcase classname="tests.test_publish_guard" name="test_license_plate_blocks_export_category_L" time="0.001" /><testcase classname="tests.test_publish_guard" name="test_license_plate_ignored_without_column_or_anchor" time="0.001" /><testcase classname="tests.test_publish_guard" name="test_imei_blocks_export_category_M" time="0.001" /><testcase classname="tests.test_publish_guard" name="test_imei_ignored_without_column_or_anchor" time="0.001" /><testcase classname="tests.test_publish_guard" name="test_device_serial_blocks_export_category_M" time="0.001" /><testcase classname="tests.test_publish_guard" name="test_image_reference_blocks_export_category_Q" time="0.001" /><testcase classname="tests.test_publish_guard" name="test_biometric_hash_blocks_export_category_P" time="0.001" /><testcase classname="tests.test_publish_guard" name="test_dna_profile_blocks_export_category_P" time="0.001" /><testcase classname="tests.test_publish_guard" name="test_npi_blocks_export_category_K" time="0.001" /><testcase classname="tests.test_publish_guard" name="test_dea_blocks_export_category_K" time="0.001" /><testcase classname="tests.test_publish_guard" name="test_every_hipaa_letter_has_at_least_one_pattern" time="0.000" /><testcase classname="tests.test_publish_guard" name="test_age_over_89_does_not_false_positive_on_pseudonym" time="0.001" /><testcase classname="tests.test_publish_guard" name="test_age_over_89_still_catches_real_age" time="0.001" /><testcase classname="tests.test_publish_guard" name="test_age_over_89_ignored_on_clinical_measurement" time="0.001" /><testcase classname="tests.test_publish_guard" name="test_age_anchor_in_free_text_still_fires" time="0.001" /><testcase classname="tests.test_publish_guard" name="test_age_over_89_ignores_cap_output" time="0.001" /><testcase classname="tests.test_realworld_file_shapes" name="test_read_docx_tables_extracts_word_table" time="0.001" /><testcase classname="tests.test_realworld_file_shapes" name="test_read_docx_tables_captures_narrative_context" time="0.001" /><testcase classname="tests.test_realworld_file_shapes" name="test_read_docx_tables_returns_empty_on_bad_zip" time="0.001" /><testcase classname="tests.test_realworld_file_shapes" name="test_read_docx_tables_rejects_oversize_document_xml" time="0.053" /><testcase classname="tests.test_realworld_file_shapes" name="test_read_docx_tables_refuses_dtd_via_defusedxml" time="0.001" /><testcase classname="tests.test_realworld_file_shapes" name="test_narrative_read_docx_rejects_oversize_document_xml" time="0.051" /><testcase classname="tests.test_realworld_file_shapes" name="test_narrative_read_docx_returns_empty_on_bad_zip" time="0.001" /><testcase classname="tests.test_realworld_file_shapes" name="test_narrative_read_docx_still_reads_normal_docx" time="0.019" /><testcase classname="tests.test_realworld_file_shapes" name="test_read_table_flat_dispatches_docx" time="0.001" /><testcase classname="tests.test_realworld_file_shapes" name="test_intake_accepts_docx_dictionary" time="0.000" /><testcase classname="tests.test_realworld_file_shapes" name="test_read_xls_tables_handles_xlsx_disguised_as_xls" time="0.006" /><testcase classname="tests.test_scrub_and_pseudonym" name="test_pseudonym_exact_match_cross_file" time="0.000" /><testcase classname="tests.test_scrub_and_pseudonym" name="test_pseudonym_no_cross_study_linkage" time="0.000" /><testcase classname="tests.test_scrub_and_pseudonym" name="test_scrub_text_preserves_clinical_content" time="1.020" /><testcase classname="tests.test_scrub_and_pseudonym" name="test_scrub_text_categorizes_ssn_and_email" time="0.022" /><testcase classname="tests.test_scrub_and_pseudonym" name="test_cap_age_90_safe_harbor" time="0.000" /><testcase classname="tests.test_scrub_and_pseudonym" name="test_year_only_truncates_dob" time="0.000" /><testcase classname="tests.test_scrub_and_pseudonym" name="test_zip3_truncate_and_restricted" time="0.000" /><testcase classname="tests.test_security_audit_iter18" name="test_scrub_persisted_text_redacts_iso_dates" time="0.000" /><testcase classname="tests.test_security_audit_iter18" name="test_scrub_persisted_text_redacts_us_and_named_dates" time="0.000" /><testcase classname="tests.test_security_audit_iter18" name="test_scrub_persisted_text_redacts_age_over_89" time="0.000" /><testcase classname="tests.test_security_audit_iter18" name="test_scrub_persisted_text_does_not_redact_clinical_heart_rate" time="0.000" /><testcase classname="tests.test_security_audit_iter18" name="test_scrub_persisted_text_redacts_street_addresses" time="0.000" /><testcase classname="tests.test_security_audit_iter18" name="test_scrub_persisted_text_redacts_mrn_shapes" time="0.000" /><testcase classname="tests.test_security_audit_iter18" name="test_scrub_persisted_text_redacts_urls_and_ips" time="0.000" /><testcase classname="tests.test_security_audit_iter18" name="test_release_stream_drops_queue_when_last_subscriber_leaves" time="0.042" /><testcase classname="tests.test_security_audit_iter18" name="test_release_stream_keeps_queue_when_other_subscribers_remain" time="0.000" /><testcase classname="tests.test_security_audit_iter18" name="test_settled_statuses_include_terminal_pipeline_states" time="0.000" /><testcase classname="tests.test_security_audit_iter18" name="test_max_stream_subscribers_cap_is_bounded" time="0.000" /><testcase classname="tests.test_security_audit_iter18" name="test_stream_refuses_settled_session" time="0.001" /><testcase classname="tests.test_security_audit_iter18" name="test_stream_refuses_when_cap_reached" time="0.001" /><testcase classname="tests.test_security_exports_and_zip" name="test_metadata_csv_is_redacted_not_copied" time="0.020" /><testcase classname="tests.test_security_exports_and_zip" name="test_unmapped_column_defaults_to_drop" time="0.001" /><testcase classname="tests.test_security_exports_and_zip" name="test_unmapped_column_scrub_text_when_env_override" time="0.005" /><testcase classname="tests.test_security_exports_and_zip" name="test_intake_rejects_too_many_entries" time="0.001" /><testcase classname="tests.test_security_exports_and_zip" name="test_intake_rejects_compression_bomb" time="0.042" /><testcase classname="tests.test_security_exports_and_zip" name="test_intake_rejects_total_size" time="0.001" /><testcase classname="tests.test_security_findings" name="test_scrub_strips_corpus_ground_truth_but_keeps_summary" time="0.000" /><testcase classname="tests.test_security_findings" name="test_corpus_verify_endpoint_is_token_gated" time="0.000" /><testcase classname="tests.test_security_findings" name="test_bundle_refuses_when_guard_missing" time="0.001" /><testcase classname="tests.test_security_findings" name="test_bundle_refuses_when_guard_blocked" time="0.001" /><testcase classname="tests.test_security_findings" name="test_export_refuses_when_guard_result_missing" time="0.001" /><testcase classname="tests.test_security_findings" name="test_export_serves_only_on_clean_per_file" time="0.001" /><testcase classname="tests.test_security_llm_and_auth" name="test_provider_allow_list_default" time="0.000" /><testcase classname="tests.test_security_llm_and_auth" name="test_validate_provider_rejects_unknown" time="0.000" /><testcase classname="tests.test_security_llm_and_auth" name="test_validate_provider_rejects_openai_compatible_without_env" time="0.000" /><testcase classname="tests.test_security_llm_and_auth" name="test_validate_base_url_rejects_http" time="0.000" /><testcase classname="tests.test_security_llm_and_auth" name="test_validate_base_url_rejects_loopback" time="0.000" /><testcase classname="tests.test_security_llm_and_auth" name="test_validate_base_url_rejects_private" time="0.000" /><testcase classname="tests.test_security_llm_and_auth" name="test_validate_base_url_rejects_metadata" time="0.000" /><testcase classname="tests.test_security_llm_and_auth" name="test_validate_base_url_requires_host_in_allowlist_when_set" time="0.000" /><testcase classname="tests.test_security_llm_and_auth" name="test_set_settings_endpoint_rejects_evil_base_url" time="0.003" /><testcase classname="tests.test_security_llm_and_auth" name="test_sessions_list_does_not_leak_stored_path" time="0.015" /><testcase classname="tests.test_security_llm_and_auth" name="test_get_settings_never_returns_api_key_plaintext" time="0.002" /><testcase classname="tests.test_security_paths" name="test_sanitise_rejects_traversal" time="0.000" /><testcase classname="tests.test_security_paths" name="test_sanitise_rejects_absolute" time="0.000" /><testcase classname="tests.test_security_paths" name="test_sanitise_rejects_windows_absolute" time="0.000" /><testcase classname="tests.test_security_paths" name="test_sanitise_rejects_separator" time="0.000" /><testcase classname="tests.test_security_paths" name="test_sanitise_rejects_nul" time="0.000" /><testcase classname="tests.test_security_paths" name="test_sanitise_rejects_dotdot_only" time="0.000" /><testcase classname="tests.test_security_paths" name="test_sanitise_falls_back_when_empty" time="0.000" /><testcase classname="tests.test_security_paths" name="test_safe_join_happy_path" time="0.001" /><testcase classname="tests.test_security_paths" name="test_upload_rejects_evil_filename[../../../.env]" time="0.005" /><testcase classname="tests.test_security_paths" name="test_upload_rejects_evil_filename[/etc/passwd]" time="0.004" /><testcase classname="tests.test_security_paths" name="test_upload_rejects_evil_filename[..\\..\\..\\backend\\.env]" time="0.004" /><testcase classname="tests.test_security_paths" name="test_upload_rejects_evil_filename[..]" time="0.004" /><testcase classname="tests.test_security_paths" name="test_upload_rejects_evil_filename[sub/dir.txt]" time="0.004" /><testcase classname="tests.test_security_round2" name="test_scrub_persisted_text_redacts_name_phone_email_ssn" time="0.000" /><testcase classname="tests.test_security_round2" name="test_scrub_persisted_text_empty" time="0.000" /><testcase classname="tests.test_security_round2" name="test_scrub_decision_only_scrubs_string_fields" time="0.000" /><testcase classname="tests.test_security_round2" name="test_provider_hosts_defined_for_all_standard_providers" time="0.000" /><testcase classname="tests.test_security_round2" name="test_openai_base_url_must_be_api_openai_com" time="0.020" /><testcase classname="tests.test_security_round2" name="test_anthropic_base_url_must_be_anthropic_host" time="0.017" /><testcase classname="tests.test_security_round2" name="test_emergent_rejects_any_base_url" time="0.000" /><testcase classname="tests.test_security_round2" name="test_openai_compatible_requires_env_hosts" time="0.000" /><testcase classname="tests.test_security_round2" name="test_openai_compatible_accepts_env_allowlist" time="0.001" /><testcase classname="tests.test_security_round2" name="test_intake_aborts_on_streamed_total_regardless_of_header" time="0.003" /><testcase classname="tests.test_security_round2" name="test_session_get_scrubs_stored_path_and_export_paths" time="0.018" /><testcase classname="tests.test_security_round2" name="test_agent_trace_recursively_scrubs_nested_payload" time="0.042" /><testcase classname="tests.test_security_round2" name="test_scrub_nested_walks_dicts_and_lists" time="0.000" /><testcase classname="tests.test_security_round2" name="test_results_scrubs_reasons" time="0.048"><skipped type="pytest.skip" message="no decisions with reason/citation available">/app/backend/tests/test_security_round2.py:228: no decisions with reason/citation available</skipped></testcase><testcase classname="tests.test_sentinel_hard_rules" name="test_dob_forced_from_human_review_to_year_only" time="0.001" /><testcase classname="tests.test_sentinel_hard_rules" name="test_ssn_forced_to_drop" time="0.001" /><testcase classname="tests.test_sentinel_hard_rules" name="test_mrn_forced_to_pseudonymize" time="0.000" /><testcase classname="tests.test_sentinel_hard_rules" name="test_phone_email_fax_dropped" time="0.001" /><testcase classname="tests.test_sentinel_hard_rules" name="test_zip_forced_to_zip3_truncate" time="0.000" /><testcase classname="tests.test_sentinel_hard_rules" name="test_age_forced_to_cap_age_90_only_if_human_review" time="0.000" /><testcase classname="tests.test_sentinel_hard_rules" name="test_dob_year_only_choice_respected" time="0.000" /><testcase classname="tests.test_sentinel_hard_rules" name="test_unknown_column_untouched" time="0.000" /><testcase classname="tests.test_sentinel_hard_rules" name="test_case_insensitive_and_variants" time="0.001" /><testcase classname="tests.test_sentinel_hard_rules" name="test_reason_and_citation_updated" time="0.001" /><testcase classname="tests.test_speed_and_ux" name="test_blocking_issues_returns_only_blocking" time="0.000" /><testcase classname="tests.test_speed_and_ux" name="test_blocking_issues_empty_on_no_issues" time="0.000" /><testcase classname="tests.test_speed_and_ux" name="test_sentinel_post_processes_verdict_when_no_blocking_issues" time="0.000" /><testcase classname="tests.test_speed_and_ux" name="test_check_cancel_raises_when_flag_set" time="0.001" /><testcase classname="tests.test_speed_and_ux" name="test_check_cancel_silent_when_flag_absent" time="0.000" /><testcase classname="tests.test_speed_and_ux" name="test_cancel_endpoint_registered_and_token_gated" time="0.001" /><testcase classname="tests.test_speed_and_ux" name="test_ledger_split_classes_present" time="0.000" /><testcase classname="tests.test_speed_and_ux" name="test_herald_split_classes_present" time="0.000" /><testcase classname="tests.test_speed_and_ux" name="test_ledger_count_actions_deterministic" time="0.000" /><testcase classname="tests.test_speed_and_ux" name="test_iteration_cap_is_three" time="0.000" /><testcase classname="tests.test_speed_and_ux" name="test_verifier_treats_hash_as_phi_safe_action" time="0.000" /><testcase classname="tests.test_speed_and_ux" name="test_praxis_agent_wired_into_orchestrator" time="0.000" /><testcase classname="tests.test_speed_and_ux" name="test_judge_prompt_asks_for_false_positive_check" time="0.001" /><testcase classname="tests.test_speed_and_ux" name="test_orchestrator_emits_praxis_phase" time="0.001" /></testsuite></testsuites>