<?xml version="1.0" encoding="utf-8"?><testsuites name="pytest tests"><testsuite name="pytest" errors="1" failures="0" skipped="0" tests="1" time="0.651" timestamp="2026-07-28T13:23:16.300223+00:00" hostname="agent-env-4c41e485-69a1-4a28-aef4-6d5a717dfaab"><testcase classname="pytest" name="internal" time="0.000"><error message="internal error">Traceback (most recent call last):
  File "/root/.venv/lib/python3.11/site-packages/_pytest/main.py", line 330, in wrap_session
    session.exitstatus = doit(config, session) or 0
                         ^^^^^^^^^^^^^^^^^^^^^
  File "/root/.venv/lib/python3.11/site-packages/_pytest/main.py", line 383, in _main
    config.hook.pytest_collection(session=session)
  File "/root/.venv/lib/python3.11/site-packages/pluggy/_hooks.py", line 512, in __call__
    return self._hookexec(self.name, self._hookimpls.copy(), kwargs, firstresult)
           ^^^^^^^^^^^^^^^^^^^^^^^^^^^^^^^^^^^^^^^^^^^^^^^^^^^^^^^^^^^^^^^^^^^^^^
  File "/root/.venv/lib/python3.11/site-packages/pluggy/_manager.py", line 120, in _hookexec
    return self._inner_hookexec(hook_name, methods, kwargs, firstresult)
           ^^^^^^^^^^^^^^^^^^^^^^^^^^^^^^^^^^^^^^^^^^^^^^^^^^^^^^^^^^^^^
  File "/root/.venv/lib/python3.11/site-packages/pluggy/_callers.py", line 167, in _multicall
    raise exception
  File "/root/.venv/lib/python3.11/site-packages/pluggy/_callers.py", line 139, in _multicall
    teardown.throw(exception)
  File "/root/.venv/lib/python3.11/site-packages/_pytest/logging.py", line 803, in pytest_collection
    return (yield)
            ^^^^^
  File "/root/.venv/lib/python3.11/site-packages/pluggy/_callers.py", line 139, in _multicall
    teardown.throw(exception)
  File "/root/.venv/lib/python3.11/site-packages/_pytest/warnings.py", line 99, in pytest_collection
    return (yield)
            ^^^^^
  File "/root/.venv/lib/python3.11/site-packages/pluggy/_callers.py", line 139, in _multicall
    teardown.throw(exception)
  File "/root/.venv/lib/python3.11/site-packages/_pytest/config/__init__.py", line 1445, in pytest_collection
    return (yield)
            ^^^^^
  File "/root/.venv/lib/python3.11/site-packages/pluggy/_callers.py", line 121, in _multicall
    res = hook_impl.function(*args)
          ^^^^^^^^^^^^^^^^^^^^^^^^^
  File "/root/.venv/lib/python3.11/site-packages/_pytest/main.py", line 394, in pytest_collection
    session.perform_collect()
  File "/root/.venv/lib/python3.11/site-packages/_pytest/main.py", line 869, in perform_collect
    self.items.extend(self.genitems(node))
  File "/root/.venv/lib/python3.11/site-packages/_pytest/main.py", line 1035, in genitems
    yield from self.genitems(subnode)
  File "/root/.venv/lib/python3.11/site-packages/_pytest/main.py", line 1032, in genitems
    rep, duplicate = self._collect_one_node(node, handle_dupes)
                     ^^^^^^^^^^^^^^^^^^^^^^^^^^^^^^^^^^^^^^^^^^
  File "/root/.venv/lib/python3.11/site-packages/_pytest/main.py", line 895, in _collect_one_node
    rep = collect_one_node(node)
          ^^^^^^^^^^^^^^^^^^^^^^
  File "/root/.venv/lib/python3.11/site-packages/_pytest/runner.py", line 589, in collect_one_node
    rep: CollectReport = ihook.pytest_make_collect_report(collector=collector)
                         ^^^^^^^^^^^^^^^^^^^^^^^^^^^^^^^^^^^^^^^^^^^^^^^^^^^^^
  File "/root/.venv/lib/python3.11/site-packages/pluggy/_hooks.py", line 512, in __call__
    return self._hookexec(self.name, self._hookimpls.copy(), kwargs, firstresult)
           ^^^^^^^^^^^^^^^^^^^^^^^^^^^^^^^^^^^^^^^^^^^^^^^^^^^^^^^^^^^^^^^^^^^^^^
  File "/root/.venv/lib/python3.11/site-packages/pluggy/_manager.py", line 120, in _hookexec
    return self._inner_hookexec(hook_name, methods, kwargs, firstresult)
           ^^^^^^^^^^^^^^^^^^^^^^^^^^^^^^^^^^^^^^^^^^^^^^^^^^^^^^^^^^^^^
  File "/root/.venv/lib/python3.11/site-packages/pluggy/_callers.py", line 167, in _multicall
    raise exception
  File "/root/.venv/lib/python3.11/site-packages/pluggy/_callers.py", line 139, in _multicall
    teardown.throw(exception)
  File "/root/.venv/lib/python3.11/site-packages/_pytest/fixtures.py", line 1798, in pytest_make_collect_report
    result = yield
             ^^^^^
  File "/root/.venv/lib/python3.11/site-packages/pluggy/_callers.py", line 139, in _multicall
    teardown.throw(exception)
  File "/root/.venv/lib/python3.11/site-packages/_pytest/capture.py", line 880, in pytest_make_collect_report
    rep = yield
          ^^^^^
  File "/root/.venv/lib/python3.11/site-packages/pluggy/_callers.py", line 121, in _multicall
    res = hook_impl.function(*args)
          ^^^^^^^^^^^^^^^^^^^^^^^^^
  File "/root/.venv/lib/python3.11/site-packages/_pytest/runner.py", line 408, in pytest_make_collect_report
    call = CallInfo.from_call(
           ^^^^^^^^^^^^^^^^^^^
  File "/root/.venv/lib/python3.11/site-packages/_pytest/runner.py", line 361, in from_call
    result: TResult | None = func()
                             ^^^^^^
  File "/root/.venv/lib/python3.11/site-packages/_pytest/runner.py", line 406, in collect
    return list(collector.collect())
                ^^^^^^^^^^^^^^^^^^^
  File "/root/.venv/lib/python3.11/site-packages/_pytest/python.py", line 564, in collect
    self._register_setup_module_fixture()
  File "/root/.venv/lib/python3.11/site-packages/_pytest/python.py", line 577, in _register_setup_module_fixture
    self.obj, ("setUpModule", "setup_module")
    ^^^^^^^^
  File "/root/.venv/lib/python3.11/site-packages/_pytest/python.py", line 290, in obj
    self._obj = obj = self._getobj()
                      ^^^^^^^^^^^^^^
  File "/root/.venv/lib/python3.11/site-packages/_pytest/python.py", line 561, in _getobj
    return importtestmodule(self.path, self.config)
           ^^^^^^^^^^^^^^^^^^^^^^^^^^^^^^^^^^^^^^^^
  File "/root/.venv/lib/python3.11/site-packages/_pytest/python.py", line 508, in importtestmodule
    mod = import_path(
          ^^^^^^^^^^^^
  File "/root/.venv/lib/python3.11/site-packages/_pytest/pathlib.py", line 596, in import_path
    importlib.import_module(module_name)
  File "/usr/local/lib/python3.11/importlib/__init__.py", line 126, in import_module
    return _bootstrap._gcd_import(name[level:], package, level)
           ^^^^^^^^^^^^^^^^^^^^^^^^^^^^^^^^^^^^^^^^^^^^^^^^^^^^
  File "&lt;frozen importlib._bootstrap&gt;", line 1204, in _gcd_import
  File "&lt;frozen importlib._bootstrap&gt;", line 1176, in _find_and_load
  File "&lt;frozen importlib._bootstrap&gt;", line 1147, in _find_and_load_unlocked
  File "&lt;frozen importlib._bootstrap&gt;", line 690, in _load_unlocked
  File "/root/.venv/lib/python3.11/site-packages/_pytest/assertion/rewrite.py", line 188, in exec_module
    exec(co, module.__dict__)
  File "/app/backend/tests/test_intake.py", line 372, in &lt;module&gt;
    sys.exit(1 if fail_count else 0)
SystemExit: 0</error></testcase></testsuite></testsuites>