<?xml version="1.0" encoding="utf-8"?><testsuites name="pytest tests"><testsuite name="pytest" errors="0" failures="1" skipped="0" tests="8" time="12.138" timestamp="2026-07-25T22:07:35.912651+00:00" hostname="agent-env-4c41e485-69a1-4a28-aef4-6d5a717dfaab"><testcase classname="backend.tests.backend_test" name="test_health" time="0.232" /><testcase classname="backend.tests.backend_test" name="test_corpus_generate_deterministic" time="0.284" /><testcase classname="backend.tests.backend_test" name="test_corpus_list" time="0.096" /><testcase classname="backend.tests.backend_test" name="test_benchmark_run" time="1.454" /><testcase classname="backend.tests.backend_test" name="test_session_get_and_list" time="0.359" /><testcase classname="backend.tests.backend_test" name="test_dataset_flow_end_to_end" time="5.734" /><testcase classname="backend.tests.backend_test" name="test_narrative_flow" time="3.801"><failure message="AssertionError: only got 9 spans&#10;assert 9 &gt;= 10&#10; +  where 9 = len([{'span_id': 'd6f6f30b64eb49b5a7ec46b0045df3cb', 'start': 18, 'end': 28, 'value': 'John Smith', ...}, {'span_id': 'f8764b45f06c40a79f8f7c64cc07e900', 'start': 34, 'end': 44, 'value': '03/15/1975', ...}, {'span_id': 'c468400626b6450a94e0e8b86e4b532b', 'start': 51, 'end': 62, 'value': '123-45-6789', ...}, {'span_id': '704a7bf716e64cbf89ebe483e9386f33', 'start': 64, 'end': 81, 'value': 'MRN: MRN-12345678', ...}, {'span_id': '72590884469a4a88951514687eef30fc', 'start': 92, 'end': 106, 'value': '(415) 555-1234', ...}, {'span_id': '6b08e2af163e4b1e9b16a920b55b31bb', 'start': 114, 'end': 136, 'value': 'john.smith@example.com', ...}, ...])">backend/tests/backend_test.py:183: in test_narrative_flow
    assert len(spans) &gt;= 10, f"only got {len(spans)} spans"
E   AssertionError: only got 9 spans
E   assert 9 &gt;= 10
E    +  where 9 = len([{'span_id': 'd6f6f30b64eb49b5a7ec46b0045df3cb', 'start': 18, 'end': 28, 'value': 'John Smith', ...}, {'span_id': 'f8764b45f06c40a79f8f7c64cc07e900', 'start': 34, 'end': 44, 'value': '03/15/1975', ...}, {'span_id': 'c468400626b6450a94e0e8b86e4b532b', 'start': 51, 'end': 62, 'value': '123-45-6789', ...}, {'span_id': '704a7bf716e64cbf89ebe483e9386f33', 'start': 64, 'end': 81, 'value': 'MRN: MRN-12345678', ...}, {'span_id': '72590884469a4a88951514687eef30fc', 'start': 92, 'end': 106, 'value': '(415) 555-1234', ...}, {'span_id': '6b08e2af163e4b1e9b16a920b55b31bb', 'start': 114, 'end': 136, 'value': 'john.smith@example.com', ...}, ...])</failure></testcase><testcase classname="backend.tests.backend_test" name="test_session_not_found" time="0.097" /></testsuite></testsuites>