<?xml version="1.0" encoding="utf-8"?><testsuites name="pytest tests"><testsuite name="pytest" errors="0" failures="0" skipped="1" tests="12" time="0.629" timestamp="2026-07-28T04:32:04.279439+00:00" hostname="agent-env-4c41e485-69a1-4a28-aef4-6d5a717dfaab"><testcase classname="tests.test_security_round2" name="test_scrub_persisted_text_redacts_name_phone_email_ssn" time="0.000" /><testcase classname="tests.test_security_round2" name="test_scrub_persisted_text_empty" time="0.000" /><testcase classname="tests.test_security_round2" name="test_scrub_decision_only_scrubs_string_fields" time="0.000" /><testcase classname="tests.test_security_round2" name="test_provider_hosts_defined_for_all_standard_providers" time="0.000" /><testcase classname="tests.test_security_round2" name="test_openai_base_url_must_be_api_openai_com" time="0.070" /><testcase classname="tests.test_security_round2" name="test_anthropic_base_url_must_be_anthropic_host" time="0.033" /><testcase classname="tests.test_security_round2" name="test_emergent_rejects_any_base_url" time="0.000" /><testcase classname="tests.test_security_round2" name="test_openai_compatible_requires_env_hosts" time="0.000" /><testcase classname="tests.test_security_round2" name="test_openai_compatible_accepts_env_allowlist" time="0.001" /><testcase classname="tests.test_security_round2" name="test_intake_aborts_on_streamed_total_regardless_of_header" time="0.005" /><testcase classname="tests.test_security_round2" name="test_session_get_scrubs_stored_path_and_export_paths" time="0.011" /><testcase classname="tests.test_security_round2" name="test_results_scrubs_reasons" time="0.035"><skipped type="pytest.skip" message="no decisions with reason/citation available">/app/backend/tests/test_security_round2.py:180: no decisions with reason/citation available</skipped></testcase></testsuite></testsuites>